  [1m[35m (0.5ms)[0m  [1m[34mSELECT sqlite_version(*)[0m
  ↳ /Users/poricita/.rvm/rubies/ruby-2.6.0/lib/ruby/gems/2.6.0/gems/rake-12.3.2/lib/rake/task.rb:273
  [1m[35m (1.4ms)[0m  [1m[35mCREATE TABLE "schema_migrations" ("version" varchar NOT NULL PRIMARY KEY)[0m
  ↳ /Users/poricita/.rvm/rubies/ruby-2.6.0/lib/ruby/gems/2.6.0/gems/rake-12.3.2/lib/rake/task.rb:273
  [1m[35m (1.4ms)[0m  [1m[35mCREATE TABLE "ar_internal_metadata" ("key" varchar NOT NULL PRIMARY KEY, "value" varchar, "created_at" datetime NOT NULL, "updated_at" datetime NOT NULL)[0m
  ↳ /Users/poricita/.rvm/rubies/ruby-2.6.0/lib/ruby/gems/2.6.0/gems/rake-12.3.2/lib/rake/task.rb:273
  [1m[35m (0.3ms)[0m  [1m[34mSELECT "schema_migrations"."version" FROM "schema_migrations" ORDER BY "schema_migrations"."version" ASC[0m
  ↳ /Users/poricita/.rvm/rubies/ruby-2.6.0/lib/ruby/gems/2.6.0/gems/rake-12.3.2/lib/rake/task.rb:273
Migrating to DeviseCreateUsers (20190427231701)
  [1m[35m (0.1ms)[0m  [1m[36mbegin transaction[0m
  ↳ /Users/poricita/.rvm/rubies/ruby-2.6.0/lib/ruby/gems/2.6.0/gems/rake-12.3.2/lib/rake/task.rb:273
  [1m[35m (0.5ms)[0m  [1m[35mCREATE TABLE "users" ("id" integer PRIMARY KEY AUTOINCREMENT NOT NULL, "email" varchar DEFAULT '' NOT NULL, "encrypted_password" varchar DEFAULT '' NOT NULL, "reset_password_token" varchar, "reset_password_sent_at" datetime, "remember_created_at" datetime, "created_at" datetime NOT NULL, "updated_at" datetime NOT NULL)[0m
  ↳ db/migrate/20190427231701_devise_create_users.rb:5
  [1m[35m (0.1ms)[0m  [1m[35mCREATE UNIQUE INDEX "index_users_on_email" ON "users" ("email")[0m
  ↳ db/migrate/20190427231701_devise_create_users.rb:39
  [1m[35m (0.1ms)[0m  [1m[35mCREATE UNIQUE INDEX "index_users_on_reset_password_token" ON "users" ("reset_password_token")[0m
  ↳ db/migrate/20190427231701_devise_create_users.rb:40
  [1m[36mActiveRecord::SchemaMigration Create (0.2ms)[0m  [1m[32mINSERT INTO "schema_migrations" ("version") VALUES (?)[0m  [["version", "20190427231701"]]
  ↳ /Users/poricita/.rvm/rubies/ruby-2.6.0/lib/ruby/gems/2.6.0/gems/rake-12.3.2/lib/rake/task.rb:273
  [1m[35m (1.0ms)[0m  [1m[36mcommit transaction[0m
  ↳ /Users/poricita/.rvm/rubies/ruby-2.6.0/lib/ruby/gems/2.6.0/gems/rake-12.3.2/lib/rake/task.rb:273
  [1m[36mActiveRecord::InternalMetadata Load (0.3ms)[0m  [1m[34mSELECT  "ar_internal_metadata".* FROM "ar_internal_metadata" WHERE "ar_internal_metadata"."key" = ? LIMIT ?[0m  [["key", "environment"], ["LIMIT", 1]]
  ↳ /Users/poricita/.rvm/rubies/ruby-2.6.0/lib/ruby/gems/2.6.0/gems/rake-12.3.2/lib/rake/task.rb:273
  [1m[35m (0.1ms)[0m  [1m[36mbegin transaction[0m
  ↳ /Users/poricita/.rvm/rubies/ruby-2.6.0/lib/ruby/gems/2.6.0/gems/rake-12.3.2/lib/rake/task.rb:273
  [1m[36mActiveRecord::InternalMetadata Create (0.5ms)[0m  [1m[32mINSERT INTO "ar_internal_metadata" ("key", "value", "created_at", "updated_at") VALUES (?, ?, ?, ?)[0m  [["key", "environment"], ["value", "development"], ["created_at", "2019-04-27 23:20:59.071719"], ["updated_at", "2019-04-27 23:20:59.071719"]]
  ↳ /Users/poricita/.rvm/rubies/ruby-2.6.0/lib/ruby/gems/2.6.0/gems/rake-12.3.2/lib/rake/task.rb:273
  [1m[35m (1.0ms)[0m  [1m[36mcommit transaction[0m
  ↳ /Users/poricita/.rvm/rubies/ruby-2.6.0/lib/ruby/gems/2.6.0/gems/rake-12.3.2/lib/rake/task.rb:273
  [1m[35m (0.1ms)[0m  [1m[34mSELECT "schema_migrations"."version" FROM "schema_migrations" ORDER BY "schema_migrations"."version" ASC[0m
  ↳ /Users/poricita/.rvm/rubies/ruby-2.6.0/lib/ruby/gems/2.6.0/gems/rake-12.3.2/lib/rake/task.rb:273
  [1m[35m (0.3ms)[0m  [1m[34mSELECT "schema_migrations"."version" FROM "schema_migrations" ORDER BY "schema_migrations"."version" ASC[0m
  ↳ /Users/poricita/.rvm/rubies/ruby-2.6.0/lib/ruby/gems/2.6.0/gems/rake-12.3.2/lib/rake/task.rb:273
Migrating to DeviseCreateAdminUsers (20190427232556)
  [1m[35m (0.1ms)[0m  [1m[36mbegin transaction[0m
  ↳ /Users/poricita/.rvm/rubies/ruby-2.6.0/lib/ruby/gems/2.6.0/gems/rake-12.3.2/lib/rake/task.rb:273
  [1m[35m (0.1ms)[0m  [1m[34mSELECT sqlite_version(*)[0m
  ↳ db/migrate/20190427232556_devise_create_admin_users.rb:5
  [1m[35m (0.4ms)[0m  [1m[35mCREATE TABLE "admin_users" ("id" integer PRIMARY KEY AUTOINCREMENT NOT NULL, "email" varchar DEFAULT '' NOT NULL, "encrypted_password" varchar DEFAULT '' NOT NULL, "reset_password_token" varchar, "reset_password_sent_at" datetime, "remember_created_at" datetime, "created_at" datetime NOT NULL, "updated_at" datetime NOT NULL)[0m
  ↳ db/migrate/20190427232556_devise_create_admin_users.rb:5
  [1m[35m (0.1ms)[0m  [1m[35mCREATE UNIQUE INDEX "index_admin_users_on_email" ON "admin_users" ("email")[0m
  ↳ db/migrate/20190427232556_devise_create_admin_users.rb:39
  [1m[35m (0.1ms)[0m  [1m[35mCREATE UNIQUE INDEX "index_admin_users_on_reset_password_token" ON "admin_users" ("reset_password_token")[0m
  ↳ db/migrate/20190427232556_devise_create_admin_users.rb:40
  [1m[36mActiveRecord::SchemaMigration Create (0.4ms)[0m  [1m[32mINSERT INTO "schema_migrations" ("version") VALUES (?)[0m  [["version", "20190427232556"]]
  ↳ /Users/poricita/.rvm/rubies/ruby-2.6.0/lib/ruby/gems/2.6.0/gems/rake-12.3.2/lib/rake/task.rb:273
  [1m[35m (0.8ms)[0m  [1m[36mcommit transaction[0m
  ↳ /Users/poricita/.rvm/rubies/ruby-2.6.0/lib/ruby/gems/2.6.0/gems/rake-12.3.2/lib/rake/task.rb:273
Migrating to CreateActiveAdminComments (20190427232600)
  [1m[35m (0.6ms)[0m  [1m[36mbegin transaction[0m
  ↳ /Users/poricita/.rvm/rubies/ruby-2.6.0/lib/ruby/gems/2.6.0/gems/rake-12.3.2/lib/rake/task.rb:273
  [1m[35m (0.6ms)[0m  [1m[35mCREATE TABLE "active_admin_comments" ("id" integer PRIMARY KEY AUTOINCREMENT NOT NULL, "namespace" varchar, "body" text, "resource_type" varchar, "resource_id" integer, "author_type" varchar, "author_id" integer, "created_at" datetime NOT NULL, "updated_at" datetime NOT NULL)[0m
  ↳ db/migrate/20190427232600_create_active_admin_comments.rb:3
  [1m[35m (0.1ms)[0m  [1m[35mCREATE  INDEX "index_active_admin_comments_on_resource_type_and_resource_id" ON "active_admin_comments" ("resource_type", "resource_id")[0m
  ↳ db/migrate/20190427232600_create_active_admin_comments.rb:3
  [1m[35m (0.1ms)[0m  [1m[35mCREATE  INDEX "index_active_admin_comments_on_author_type_and_author_id" ON "active_admin_comments" ("author_type", "author_id")[0m
  ↳ db/migrate/20190427232600_create_active_admin_comments.rb:3
  [1m[35m (0.1ms)[0m  [1m[35mCREATE  INDEX "index_active_admin_comments_on_namespace" ON "active_admin_comments" ("namespace")[0m
  ↳ db/migrate/20190427232600_create_active_admin_comments.rb:10
  [1m[36mActiveRecord::SchemaMigration Create (0.2ms)[0m  [1m[32mINSERT INTO "schema_migrations" ("version") VALUES (?)[0m  [["version", "20190427232600"]]
  ↳ /Users/poricita/.rvm/rubies/ruby-2.6.0/lib/ruby/gems/2.6.0/gems/rake-12.3.2/lib/rake/task.rb:273
  [1m[35m (0.9ms)[0m  [1m[36mcommit transaction[0m
  ↳ /Users/poricita/.rvm/rubies/ruby-2.6.0/lib/ruby/gems/2.6.0/gems/rake-12.3.2/lib/rake/task.rb:273
  [1m[36mActiveRecord::InternalMetadata Load (0.6ms)[0m  [1m[34mSELECT  "ar_internal_metadata".* FROM "ar_internal_metadata" WHERE "ar_internal_metadata"."key" = ? LIMIT ?[0m  [["key", "environment"], ["LIMIT", 1]]
  ↳ /Users/poricita/.rvm/rubies/ruby-2.6.0/lib/ruby/gems/2.6.0/gems/rake-12.3.2/lib/rake/task.rb:273
  [1m[35m (0.1ms)[0m  [1m[36mbegin transaction[0m
  ↳ /Users/poricita/.rvm/rubies/ruby-2.6.0/lib/ruby/gems/2.6.0/gems/rake-12.3.2/lib/rake/task.rb:273
  [1m[35m (0.0ms)[0m  [1m[36mcommit transaction[0m
  ↳ /Users/poricita/.rvm/rubies/ruby-2.6.0/lib/ruby/gems/2.6.0/gems/rake-12.3.2/lib/rake/task.rb:273
  [1m[35m (0.1ms)[0m  [1m[34mSELECT "schema_migrations"."version" FROM "schema_migrations" ORDER BY "schema_migrations"."version" ASC[0m
  ↳ /Users/poricita/.rvm/rubies/ruby-2.6.0/lib/ruby/gems/2.6.0/gems/rake-12.3.2/lib/rake/task.rb:273
Started GET "/" for ::1 at 2019-04-27 19:29:45 -0400
  [1m[35m (0.7ms)[0m  [1m[34mSELECT "schema_migrations"."version" FROM "schema_migrations" ORDER BY "schema_migrations"."version" ASC[0m
  ↳ /Users/poricita/.rvm/gems/ruby-2.6.0/gems/activerecord-5.2.3/lib/active_record/log_subscriber.rb:98
Processing by Rails::WelcomeController#index as HTML
  Rendering /Users/poricita/.rvm/gems/ruby-2.6.0/gems/railties-5.2.3/lib/rails/templates/rails/welcome/index.html.erb
  Rendered /Users/poricita/.rvm/gems/ruby-2.6.0/gems/railties-5.2.3/lib/rails/templates/rails/welcome/index.html.erb (11.0ms)
Completed 200 OK in 48ms (Views: 27.2ms | ActiveRecord: 0.0ms)


Started GET "/admin" for ::1 at 2019-04-27 19:29:51 -0400
Processing by Admin::DashboardController#index as HTML
Completed 401 Unauthorized in 5ms (ActiveRecord: 0.0ms)


Started GET "/admin/login" for ::1 at 2019-04-27 19:29:52 -0400
Processing by ActiveAdmin::Devise::SessionsController#new as HTML
  Rendering /Users/poricita/.rvm/gems/ruby-2.6.0/gems/activeadmin-1.4.3/app/views/active_admin/devise/sessions/new.html.erb within layouts/active_admin_logged_out
  Rendered /Users/poricita/.rvm/gems/ruby-2.6.0/gems/activeadmin-1.4.3/app/views/active_admin/devise/shared/_links.erb (2.2ms)
  Rendered /Users/poricita/.rvm/gems/ruby-2.6.0/gems/activeadmin-1.4.3/app/views/active_admin/devise/sessions/new.html.erb within layouts/active_admin_logged_out (55.8ms)
Completed 200 OK in 6032ms (Views: 6016.1ms | ActiveRecord: 2.3ms)


  [1m[35m (0.4ms)[0m  [1m[34mSELECT "schema_migrations"."version" FROM "schema_migrations" ORDER BY "schema_migrations"."version" ASC[0m
  ↳ /Users/poricita/.rvm/rubies/ruby-2.6.0/lib/ruby/gems/2.6.0/gems/rake-12.3.2/lib/rake/task.rb:273
  [1m[35m (0.1ms)[0m  [1m[36mbegin transaction[0m
  ↳ db/seeds.rb:8
  [1m[36mAdminUser Exists (0.4ms)[0m  [1m[34mSELECT  1 AS one FROM "admin_users" WHERE "admin_users"."email" = ? LIMIT ?[0m  [["email", "admin@example.com"], ["LIMIT", 1]]
  ↳ db/seeds.rb:8
  [1m[36mAdminUser Create (1.6ms)[0m  [1m[32mINSERT INTO "admin_users" ("email", "encrypted_password", "created_at", "updated_at") VALUES (?, ?, ?, ?)[0m  [["email", "admin@example.com"], ["encrypted_password", "$2a$11$f1CGkUopa5mxOuOe5e/gjuKovLZWpCimvTr4vGd7WTI682UjU6cWe"], ["created_at", "2019-04-27 23:30:20.252883"], ["updated_at", "2019-04-27 23:30:20.252883"]]
  ↳ db/seeds.rb:8
  [1m[35m (0.7ms)[0m  [1m[36mcommit transaction[0m
  ↳ db/seeds.rb:8
Started GET "/admin/login" for ::1 at 2019-04-27 19:30:34 -0400
  [1m[35m (0.3ms)[0m  [1m[34mSELECT "schema_migrations"."version" FROM "schema_migrations" ORDER BY "schema_migrations"."version" ASC[0m
  ↳ /Users/poricita/.rvm/gems/ruby-2.6.0/gems/activerecord-5.2.3/lib/active_record/log_subscriber.rb:98
Processing by ActiveAdmin::Devise::SessionsController#new as HTML
  Rendering /Users/poricita/.rvm/gems/ruby-2.6.0/gems/activeadmin-1.4.3/app/views/active_admin/devise/sessions/new.html.erb within layouts/active_admin_logged_out
  Rendered /Users/poricita/.rvm/gems/ruby-2.6.0/gems/activeadmin-1.4.3/app/views/active_admin/devise/shared/_links.erb (1.5ms)
  Rendered /Users/poricita/.rvm/gems/ruby-2.6.0/gems/activeadmin-1.4.3/app/views/active_admin/devise/sessions/new.html.erb within layouts/active_admin_logged_out (25.4ms)
Completed 200 OK in 485ms (Views: 466.4ms | ActiveRecord: 0.9ms)


Started POST "/admin/login" for ::1 at 2019-04-27 19:30:49 -0400
Processing by ActiveAdmin::Devise::SessionsController#create as HTML
  Parameters: {"utf8"=>"✓", "authenticity_token"=>"rrmTABG3b3cN0ToSPVPN664guGem2JUP910nyMqe3YAeqhkhtr/BLrSlVklo4mnLRHNuryAxhtYMbLlJL0/ZcA==", "admin_user"=>{"email"=>"admin@example.com", "password"=>"[FILTERED]", "remember_me"=>"0"}, "commit"=>"Login"}
  [1m[36mAdminUser Load (0.2ms)[0m  [1m[34mSELECT  "admin_users".* FROM "admin_users" WHERE "admin_users"."email" = ? ORDER BY "admin_users"."id" ASC LIMIT ?[0m  [["email", "admin@example.com"], ["LIMIT", 1]]
  ↳ /Users/poricita/.rvm/gems/ruby-2.6.0/gems/activerecord-5.2.3/lib/active_record/log_subscriber.rb:98
Completed 401 Unauthorized in 191ms (ActiveRecord: 0.2ms)


Processing by ActiveAdmin::Devise::SessionsController#new as HTML
  Parameters: {"utf8"=>"✓", "authenticity_token"=>"rrmTABG3b3cN0ToSPVPN664guGem2JUP910nyMqe3YAeqhkhtr/BLrSlVklo4mnLRHNuryAxhtYMbLlJL0/ZcA==", "admin_user"=>{"email"=>"admin@example.com", "password"=>"[FILTERED]", "remember_me"=>"0"}, "commit"=>"Login"}
  Rendering /Users/poricita/.rvm/gems/ruby-2.6.0/gems/activeadmin-1.4.3/app/views/active_admin/devise/sessions/new.html.erb within layouts/active_admin_logged_out
  Rendered /Users/poricita/.rvm/gems/ruby-2.6.0/gems/activeadmin-1.4.3/app/views/active_admin/devise/shared/_links.erb (0.9ms)
  Rendered /Users/poricita/.rvm/gems/ruby-2.6.0/gems/activeadmin-1.4.3/app/views/active_admin/devise/sessions/new.html.erb within layouts/active_admin_logged_out (21.6ms)
Completed 200 OK in 238ms (Views: 107.0ms | ActiveRecord: 0.0ms)


Started POST "/admin/login" for ::1 at 2019-04-27 19:31:10 -0400
Processing by ActiveAdmin::Devise::SessionsController#create as HTML
  Parameters: {"utf8"=>"✓", "authenticity_token"=>"khjp1LMiMNC9QW2ojo3s323PXZu8bWEGs6HgD0+6qIMiC2P1FCqeiQQ1AfPbPEj/h5yLUzqEct9IkH6Oqmuscw==", "admin_user"=>{"email"=>"admin@example.com", "password"=>"[FILTERED]", "remember_me"=>"1"}, "commit"=>"Login"}
  [1m[36mAdminUser Load (0.3ms)[0m  [1m[34mSELECT  "admin_users".* FROM "admin_users" WHERE "admin_users"."email" = ? ORDER BY "admin_users"."id" ASC LIMIT ?[0m  [["email", "admin@example.com"], ["LIMIT", 1]]
  ↳ /Users/poricita/.rvm/gems/ruby-2.6.0/gems/activerecord-5.2.3/lib/active_record/log_subscriber.rb:98
  [1m[35m (0.1ms)[0m  [1m[36mbegin transaction[0m
  ↳ /Users/poricita/.rvm/gems/ruby-2.6.0/gems/activerecord-5.2.3/lib/active_record/log_subscriber.rb:98
  [1m[36mAdminUser Update (0.4ms)[0m  [1m[33mUPDATE "admin_users" SET "remember_created_at" = ?, "updated_at" = ? WHERE "admin_users"."id" = ?[0m  [["remember_created_at", "2019-04-27 23:31:10.353799"], ["updated_at", "2019-04-27 23:31:10.354736"], ["id", 1]]
  ↳ /Users/poricita/.rvm/gems/ruby-2.6.0/gems/activerecord-5.2.3/lib/active_record/log_subscriber.rb:98
  [1m[35m (0.8ms)[0m  [1m[36mcommit transaction[0m
  ↳ /Users/poricita/.rvm/gems/ruby-2.6.0/gems/activerecord-5.2.3/lib/active_record/log_subscriber.rb:98
Redirected to http://localhost:3000/admin
Completed 302 Found in 155ms (ActiveRecord: 1.6ms)


Started GET "/admin" for ::1 at 2019-04-27 19:31:10 -0400
Processing by Admin::DashboardController#index as HTML
  [1m[36mAdminUser Load (0.2ms)[0m  [1m[34mSELECT  "admin_users".* FROM "admin_users" WHERE "admin_users"."id" = ? ORDER BY "admin_users"."id" ASC LIMIT ?[0m  [["id", 1], ["LIMIT", 1]]
  ↳ /Users/poricita/.rvm/gems/ruby-2.6.0/gems/activerecord-5.2.3/lib/active_record/log_subscriber.rb:98
  Rendering /Users/poricita/.rvm/gems/ruby-2.6.0/gems/activeadmin-1.4.3/app/views/active_admin/page/index.html.arb
  Rendered /Users/poricita/.rvm/gems/ruby-2.6.0/gems/activeadmin-1.4.3/app/views/active_admin/page/index.html.arb (110.4ms)
Completed 200 OK in 118ms (Views: 112.4ms | ActiveRecord: 0.2ms)


Started GET "/admin/admin_users" for ::1 at 2019-04-27 19:31:22 -0400
Processing by Admin::AdminUsersController#index as HTML
  [1m[36mAdminUser Load (0.2ms)[0m  [1m[34mSELECT  "admin_users".* FROM "admin_users" WHERE "admin_users"."id" = ? ORDER BY "admin_users"."id" ASC LIMIT ?[0m  [["id", 1], ["LIMIT", 1]]
  ↳ /Users/poricita/.rvm/gems/ruby-2.6.0/gems/activerecord-5.2.3/lib/active_record/log_subscriber.rb:98
  Rendering /Users/poricita/.rvm/gems/ruby-2.6.0/gems/activeadmin-1.4.3/app/views/active_admin/resource/index.html.arb
  [1m[35m (0.3ms)[0m  [1m[34mSELECT COUNT(*) FROM (SELECT  1 AS one FROM "admin_users" LIMIT ? OFFSET ?) subquery_for_count[0m  [["LIMIT", 30], ["OFFSET", 0]]
  ↳ /Users/poricita/.rvm/gems/ruby-2.6.0/gems/activerecord-5.2.3/lib/active_record/log_subscriber.rb:98
  [1m[35mCACHE  (0.0ms)[0m  [1m[34mSELECT COUNT(*) FROM (SELECT  1 AS one FROM "admin_users" LIMIT ? OFFSET ?) subquery_for_count[0m  [["LIMIT", 30], ["OFFSET", 0]]
  ↳ /Users/poricita/.rvm/gems/ruby-2.6.0/gems/activerecord-5.2.3/lib/active_record/log_subscriber.rb:98
  [1m[35m (0.2ms)[0m  [1m[34mSELECT COUNT(*) FROM "admin_users"[0m
  ↳ /Users/poricita/.rvm/gems/ruby-2.6.0/gems/activerecord-5.2.3/lib/active_record/log_subscriber.rb:98
  [1m[35mCACHE  (0.0ms)[0m  [1m[34mSELECT COUNT(*) FROM (SELECT  1 AS one FROM "admin_users" LIMIT ? OFFSET ?) subquery_for_count[0m  [["LIMIT", 30], ["OFFSET", 0]]
  ↳ /Users/poricita/.rvm/gems/ruby-2.6.0/gems/activerecord-5.2.3/lib/active_record/log_subscriber.rb:98
  [1m[36mAdminUser Load (0.4ms)[0m  [1m[34mSELECT  "admin_users".* FROM "admin_users" ORDER BY "admin_users"."id" desc LIMIT ? OFFSET ?[0m  [["LIMIT", 30], ["OFFSET", 0]]
  ↳ /Users/poricita/.rvm/gems/ruby-2.6.0/gems/activerecord-5.2.3/lib/active_record/log_subscriber.rb:98
  Rendered /Users/poricita/.rvm/gems/ruby-2.6.0/gems/activeadmin-1.4.3/app/views/active_admin/resource/index.html.arb (129.9ms)
Completed 200 OK in 145ms (Views: 132.6ms | ActiveRecord: 1.1ms)


Started GET "/admin/comments" for ::1 at 2019-04-27 19:31:25 -0400
Processing by Admin::CommentsController#index as HTML
  [1m[36mAdminUser Load (0.2ms)[0m  [1m[34mSELECT  "admin_users".* FROM "admin_users" WHERE "admin_users"."id" = ? ORDER BY "admin_users"."id" ASC LIMIT ?[0m  [["id", 1], ["LIMIT", 1]]
  ↳ /Users/poricita/.rvm/gems/ruby-2.6.0/gems/activerecord-5.2.3/lib/active_record/log_subscriber.rb:98
  Rendering /Users/poricita/.rvm/gems/ruby-2.6.0/gems/activeadmin-1.4.3/app/views/active_admin/resource/index.html.arb
  [1m[35m (0.3ms)[0m  [1m[34mSELECT COUNT(*) FROM "active_admin_comments" WHERE "active_admin_comments"."namespace" = ?[0m  [["namespace", "admin"]]
  ↳ /Users/poricita/.rvm/gems/ruby-2.6.0/gems/activerecord-5.2.3/lib/active_record/log_subscriber.rb:98
  [1m[35m (0.3ms)[0m  [1m[34mSELECT COUNT(*) FROM (SELECT  1 AS one FROM "active_admin_comments" WHERE "active_admin_comments"."namespace" = ? LIMIT ? OFFSET ?) subquery_for_count[0m  [["namespace", "admin"], ["LIMIT", 30], ["OFFSET", 0]]
  ↳ /Users/poricita/.rvm/gems/ruby-2.6.0/gems/activerecord-5.2.3/lib/active_record/log_subscriber.rb:98
  [1m[35m (0.2ms)[0m  [1m[34mSELECT DISTINCT "active_admin_comments"."resource_type" FROM "active_admin_comments" ORDER BY resource_type asc[0m
  ↳ /Users/poricita/.rvm/gems/ruby-2.6.0/gems/activerecord-5.2.3/lib/active_record/log_subscriber.rb:98
  [1m[35m (0.3ms)[0m  [1m[34mSELECT DISTINCT "active_admin_comments"."author_type" FROM "active_admin_comments" ORDER BY author_type asc[0m
  ↳ /Users/poricita/.rvm/gems/ruby-2.6.0/gems/activerecord-5.2.3/lib/active_record/log_subscriber.rb:98
  Rendered /Users/poricita/.rvm/gems/ruby-2.6.0/gems/activeadmin-1.4.3/app/views/active_admin/resource/index.html.arb (133.7ms)
Completed 200 OK in 142ms (Views: 134.2ms | ActiveRecord: 2.5ms)


Started GET "/admin/dashboard" for ::1 at 2019-04-27 19:31:26 -0400
Processing by Admin::DashboardController#index as HTML
  [1m[36mAdminUser Load (0.3ms)[0m  [1m[34mSELECT  "admin_users".* FROM "admin_users" WHERE "admin_users"."id" = ? ORDER BY "admin_users"."id" ASC LIMIT ?[0m  [["id", 1], ["LIMIT", 1]]
  ↳ /Users/poricita/.rvm/gems/ruby-2.6.0/gems/activerecord-5.2.3/lib/active_record/log_subscriber.rb:98
  Rendering /Users/poricita/.rvm/gems/ruby-2.6.0/gems/activeadmin-1.4.3/app/views/active_admin/page/index.html.arb
  Rendered /Users/poricita/.rvm/gems/ruby-2.6.0/gems/activeadmin-1.4.3/app/views/active_admin/page/index.html.arb (66.3ms)
Completed 200 OK in 72ms (Views: 67.8ms | ActiveRecord: 0.3ms)


  [1m[35m (0.4ms)[0m  [1m[34mSELECT "schema_migrations"."version" FROM "schema_migrations" ORDER BY "schema_migrations"."version" ASC[0m
  ↳ /Users/poricita/.rvm/rubies/ruby-2.6.0/lib/ruby/gems/2.6.0/gems/rake-12.3.2/lib/rake/task.rb:273
Migrating to CreateAssignments (20190427233605)
  [1m[35m (0.1ms)[0m  [1m[36mbegin transaction[0m
  ↳ /Users/poricita/.rvm/rubies/ruby-2.6.0/lib/ruby/gems/2.6.0/gems/rake-12.3.2/lib/rake/task.rb:273
  [1m[35m (0.1ms)[0m  [1m[34mSELECT sqlite_version(*)[0m
  ↳ db/migrate/20190427233605_create_assignments.rb:3
  [1m[35m (0.4ms)[0m  [1m[35mCREATE TABLE "assignments" ("id" integer PRIMARY KEY AUTOINCREMENT NOT NULL, "title" varchar, "description" text, "created_at" datetime NOT NULL, "updated_at" datetime NOT NULL)[0m
  ↳ db/migrate/20190427233605_create_assignments.rb:3
  [1m[36mActiveRecord::SchemaMigration Create (0.4ms)[0m  [1m[32mINSERT INTO "schema_migrations" ("version") VALUES (?)[0m  [["version", "20190427233605"]]
  ↳ /Users/poricita/.rvm/rubies/ruby-2.6.0/lib/ruby/gems/2.6.0/gems/rake-12.3.2/lib/rake/task.rb:273
  [1m[35m (0.8ms)[0m  [1m[36mcommit transaction[0m
  ↳ /Users/poricita/.rvm/rubies/ruby-2.6.0/lib/ruby/gems/2.6.0/gems/rake-12.3.2/lib/rake/task.rb:273
Migrating to CreateParticipates (20190427233854)
  [1m[35m (0.0ms)[0m  [1m[36mbegin transaction[0m
  ↳ /Users/poricita/.rvm/rubies/ruby-2.6.0/lib/ruby/gems/2.6.0/gems/rake-12.3.2/lib/rake/task.rb:273
  [1m[35m (0.4ms)[0m  [1m[35mCREATE TABLE "participates" ("id" integer PRIMARY KEY AUTOINCREMENT NOT NULL, "user_id" integer, "assignment_id" integer, "created_at" datetime NOT NULL, "updated_at" datetime NOT NULL, CONSTRAINT "fk_rails_15428c2a9d"
FOREIGN KEY ("user_id")
  REFERENCES "users" ("id")
, CONSTRAINT "fk_rails_e9b62e89a9"
FOREIGN KEY ("assignment_id")
  REFERENCES "assignments" ("id")
)[0m
  ↳ db/migrate/20190427233854_create_participates.rb:3
  [1m[35m (0.1ms)[0m  [1m[35mCREATE  INDEX "index_participates_on_user_id" ON "participates" ("user_id")[0m
  ↳ db/migrate/20190427233854_create_participates.rb:3
  [1m[35m (0.1ms)[0m  [1m[35mCREATE  INDEX "index_participates_on_assignment_id" ON "participates" ("assignment_id")[0m
  ↳ db/migrate/20190427233854_create_participates.rb:3
  [1m[36mActiveRecord::SchemaMigration Create (0.2ms)[0m  [1m[32mINSERT INTO "schema_migrations" ("version") VALUES (?)[0m  [["version", "20190427233854"]]
  ↳ /Users/poricita/.rvm/rubies/ruby-2.6.0/lib/ruby/gems/2.6.0/gems/rake-12.3.2/lib/rake/task.rb:273
  [1m[35m (0.7ms)[0m  [1m[36mcommit transaction[0m
  ↳ /Users/poricita/.rvm/rubies/ruby-2.6.0/lib/ruby/gems/2.6.0/gems/rake-12.3.2/lib/rake/task.rb:273
  [1m[36mActiveRecord::InternalMetadata Load (0.5ms)[0m  [1m[34mSELECT  "ar_internal_metadata".* FROM "ar_internal_metadata" WHERE "ar_internal_metadata"."key" = ? LIMIT ?[0m  [["key", "environment"], ["LIMIT", 1]]
  ↳ /Users/poricita/.rvm/rubies/ruby-2.6.0/lib/ruby/gems/2.6.0/gems/rake-12.3.2/lib/rake/task.rb:273
  [1m[35m (0.1ms)[0m  [1m[36mbegin transaction[0m
  ↳ /Users/poricita/.rvm/rubies/ruby-2.6.0/lib/ruby/gems/2.6.0/gems/rake-12.3.2/lib/rake/task.rb:273
  [1m[35m (0.0ms)[0m  [1m[36mcommit transaction[0m
  ↳ /Users/poricita/.rvm/rubies/ruby-2.6.0/lib/ruby/gems/2.6.0/gems/rake-12.3.2/lib/rake/task.rb:273
  [1m[35m (0.1ms)[0m  [1m[34mSELECT "schema_migrations"."version" FROM "schema_migrations" ORDER BY "schema_migrations"."version" ASC[0m
  ↳ /Users/poricita/.rvm/rubies/ruby-2.6.0/lib/ruby/gems/2.6.0/gems/rake-12.3.2/lib/rake/task.rb:273
Started GET "/admin/dashboard" for ::1 at 2019-04-27 19:48:19 -0400
  [1m[35m (0.5ms)[0m  [1m[34mSELECT "schema_migrations"."version" FROM "schema_migrations" ORDER BY "schema_migrations"."version" ASC[0m
  ↳ /Users/poricita/.rvm/gems/ruby-2.6.0/gems/activerecord-5.2.3/lib/active_record/log_subscriber.rb:98
Processing by Admin::DashboardController#index as HTML
  [1m[36mAdminUser Load (0.4ms)[0m  [1m[34mSELECT  "admin_users".* FROM "admin_users" WHERE "admin_users"."id" = ? ORDER BY "admin_users"."id" ASC LIMIT ?[0m  [["id", 1], ["LIMIT", 1]]
  ↳ /Users/poricita/.rvm/gems/ruby-2.6.0/gems/activerecord-5.2.3/lib/active_record/log_subscriber.rb:98
  Rendering /Users/poricita/.rvm/gems/ruby-2.6.0/gems/activeadmin-1.4.3/app/views/active_admin/page/index.html.arb
  Rendered /Users/poricita/.rvm/gems/ruby-2.6.0/gems/activeadmin-1.4.3/app/views/active_admin/page/index.html.arb (1489.9ms)
Completed 200 OK in 1515ms (Views: 1494.6ms | ActiveRecord: 1.0ms)


Started GET "/admin/assignments" for ::1 at 2019-04-27 19:48:22 -0400
Processing by Admin::AssignmentsController#index as HTML
  [1m[36mAdminUser Load (0.2ms)[0m  [1m[34mSELECT  "admin_users".* FROM "admin_users" WHERE "admin_users"."id" = ? ORDER BY "admin_users"."id" ASC LIMIT ?[0m  [["id", 1], ["LIMIT", 1]]
  ↳ /Users/poricita/.rvm/gems/ruby-2.6.0/gems/activerecord-5.2.3/lib/active_record/log_subscriber.rb:98
  Rendering /Users/poricita/.rvm/gems/ruby-2.6.0/gems/activeadmin-1.4.3/app/views/active_admin/resource/index.html.arb
  [1m[35m (1.3ms)[0m  [1m[34mSELECT COUNT(*) FROM (SELECT  1 AS one FROM "assignments" LIMIT ? OFFSET ?) subquery_for_count[0m  [["LIMIT", 30], ["OFFSET", 0]]
  ↳ /Users/poricita/.rvm/gems/ruby-2.6.0/gems/activerecord-5.2.3/lib/active_record/log_subscriber.rb:98
  [1m[36mParticipate Load (0.4ms)[0m  [1m[34mSELECT "participates".* FROM "participates"[0m
  ↳ /Users/poricita/.rvm/gems/ruby-2.6.0/gems/activerecord-5.2.3/lib/active_record/log_subscriber.rb:98
  [1m[36mUser Load (0.4ms)[0m  [1m[34mSELECT "users".* FROM "users"[0m
  ↳ /Users/poricita/.rvm/gems/ruby-2.6.0/gems/activerecord-5.2.3/lib/active_record/log_subscriber.rb:98
  Rendered /Users/poricita/.rvm/gems/ruby-2.6.0/gems/activeadmin-1.4.3/app/views/active_admin/resource/index.html.arb (202.8ms)
Completed 200 OK in 216ms (Views: 202.0ms | ActiveRecord: 4.9ms)


Started GET "/admin/assignments/new" for ::1 at 2019-04-27 19:48:26 -0400
Processing by Admin::AssignmentsController#new as HTML
  [1m[36mAdminUser Load (0.2ms)[0m  [1m[34mSELECT  "admin_users".* FROM "admin_users" WHERE "admin_users"."id" = ? ORDER BY "admin_users"."id" ASC LIMIT ?[0m  [["id", 1], ["LIMIT", 1]]
  ↳ /Users/poricita/.rvm/gems/ruby-2.6.0/gems/activerecord-5.2.3/lib/active_record/log_subscriber.rb:98
  Rendering /Users/poricita/.rvm/gems/ruby-2.6.0/gems/activeadmin-1.4.3/app/views/active_admin/resource/new.html.arb
  Rendered /Users/poricita/.rvm/gems/ruby-2.6.0/gems/activeadmin-1.4.3/app/views/active_admin/resource/new.html.arb (115.7ms)
Completed 200 OK in 127ms (Views: 117.6ms | ActiveRecord: 0.2ms)


Started POST "/admin/assignments" for ::1 at 2019-04-27 19:48:36 -0400
Processing by Admin::AssignmentsController#create as HTML
  Parameters: {"utf8"=>"✓", "authenticity_token"=>"CTbn+cmIx0IBXrhUcg6wQzB0K9t7dXbUCM+2qJLt6gwHnse46bEtnM/+yPlcvzVfrgMfaU9fCMDLdYnbF9VJFw==", "assignment"=>{"title"=>"Assignment 1", "description"=>"Un proyecto"}, "commit"=>"Create Assignment"}
  [1m[36mAdminUser Load (1.1ms)[0m  [1m[34mSELECT  "admin_users".* FROM "admin_users" WHERE "admin_users"."id" = ? ORDER BY "admin_users"."id" ASC LIMIT ?[0m  [["id", 1], ["LIMIT", 1]]
  ↳ /Users/poricita/.rvm/gems/ruby-2.6.0/gems/activerecord-5.2.3/lib/active_record/log_subscriber.rb:98
  [1m[35m (0.1ms)[0m  [1m[36mbegin transaction[0m
  ↳ /Users/poricita/.rvm/gems/ruby-2.6.0/gems/activerecord-5.2.3/lib/active_record/log_subscriber.rb:98
  [1m[36mAssignment Create (1.1ms)[0m  [1m[32mINSERT INTO "assignments" ("title", "description", "created_at", "updated_at") VALUES (?, ?, ?, ?)[0m  [["title", "Assignment 1"], ["description", "Un proyecto"], ["created_at", "2019-04-27 23:48:36.476328"], ["updated_at", "2019-04-27 23:48:36.476328"]]
  ↳ /Users/poricita/.rvm/gems/ruby-2.6.0/gems/activerecord-5.2.3/lib/active_record/log_subscriber.rb:98
  [1m[35m (2.6ms)[0m  [1m[36mcommit transaction[0m
  ↳ /Users/poricita/.rvm/gems/ruby-2.6.0/gems/activerecord-5.2.3/lib/active_record/log_subscriber.rb:98
Redirected to http://localhost:3000/admin/assignments/1
Completed 302 Found in 26ms (ActiveRecord: 4.9ms)


Started GET "/admin/assignments/1" for ::1 at 2019-04-27 19:48:36 -0400
Processing by Admin::AssignmentsController#show as HTML
  Parameters: {"id"=>"1"}
  [1m[36mAdminUser Load (0.2ms)[0m  [1m[34mSELECT  "admin_users".* FROM "admin_users" WHERE "admin_users"."id" = ? ORDER BY "admin_users"."id" ASC LIMIT ?[0m  [["id", 1], ["LIMIT", 1]]
  ↳ /Users/poricita/.rvm/gems/ruby-2.6.0/gems/activerecord-5.2.3/lib/active_record/log_subscriber.rb:98
  [1m[36mAssignment Load (0.3ms)[0m  [1m[34mSELECT  "assignments".* FROM "assignments" WHERE "assignments"."id" = ? LIMIT ?[0m  [["id", 1], ["LIMIT", 1]]
  ↳ /Users/poricita/.rvm/gems/ruby-2.6.0/gems/activerecord-5.2.3/lib/active_record/log_subscriber.rb:98
  Rendering /Users/poricita/.rvm/gems/ruby-2.6.0/gems/activeadmin-1.4.3/app/views/active_admin/resource/show.html.arb
  [1m[35m (1.2ms)[0m  [1m[34mSELECT COUNT(*) FROM "active_admin_comments" WHERE "active_admin_comments"."resource_type" = ? AND "active_admin_comments"."resource_id" = ? AND "active_admin_comments"."namespace" = ?[0m  [["resource_type", "Assignment"], ["resource_id", 1], ["namespace", "admin"]]
  ↳ /Users/poricita/.rvm/gems/ruby-2.6.0/gems/activerecord-5.2.3/lib/active_record/log_subscriber.rb:98
  [1m[36mActiveAdmin::Comment Exists (0.3ms)[0m  [1m[34mSELECT  1 AS one FROM "active_admin_comments" WHERE "active_admin_comments"."resource_type" = ? AND "active_admin_comments"."resource_id" = ? AND "active_admin_comments"."namespace" = ? LIMIT ? OFFSET ?[0m  [["resource_type", "Assignment"], ["resource_id", 1], ["namespace", "admin"], ["LIMIT", 1], ["OFFSET", 0]]
  ↳ /Users/poricita/.rvm/gems/ruby-2.6.0/gems/activerecord-5.2.3/lib/active_record/log_subscriber.rb:98
  Rendered /Users/poricita/.rvm/gems/ruby-2.6.0/gems/activeadmin-1.4.3/app/views/active_admin/resource/show.html.arb (120.3ms)
Completed 200 OK in 131ms (Views: 125.2ms | ActiveRecord: 2.6ms)


Started GET "/admin/participates" for ::1 at 2019-04-27 19:48:39 -0400
Processing by Admin::ParticipatesController#index as HTML
  [1m[36mAdminUser Load (0.5ms)[0m  [1m[34mSELECT  "admin_users".* FROM "admin_users" WHERE "admin_users"."id" = ? ORDER BY "admin_users"."id" ASC LIMIT ?[0m  [["id", 1], ["LIMIT", 1]]
  ↳ /Users/poricita/.rvm/gems/ruby-2.6.0/gems/activerecord-5.2.3/lib/active_record/log_subscriber.rb:98
  Rendering /Users/poricita/.rvm/gems/ruby-2.6.0/gems/activeadmin-1.4.3/app/views/active_admin/resource/index.html.arb
  [1m[35m (1.3ms)[0m  [1m[34mSELECT COUNT(*) FROM (SELECT  1 AS one FROM "participates" LIMIT ? OFFSET ?) subquery_for_count[0m  [["LIMIT", 30], ["OFFSET", 0]]
  ↳ /Users/poricita/.rvm/gems/ruby-2.6.0/gems/activerecord-5.2.3/lib/active_record/log_subscriber.rb:98
  [1m[36mUser Load (0.1ms)[0m  [1m[34mSELECT "users".* FROM "users"[0m
  ↳ /Users/poricita/.rvm/gems/ruby-2.6.0/gems/activerecord-5.2.3/lib/active_record/log_subscriber.rb:98
  [1m[36mAssignment Load (0.2ms)[0m  [1m[34mSELECT "assignments".* FROM "assignments"[0m
  ↳ /Users/poricita/.rvm/gems/ruby-2.6.0/gems/activerecord-5.2.3/lib/active_record/log_subscriber.rb:98
  Rendered /Users/poricita/.rvm/gems/ruby-2.6.0/gems/activeadmin-1.4.3/app/views/active_admin/resource/index.html.arb (85.0ms)
Completed 200 OK in 95ms (Views: 85.9ms | ActiveRecord: 2.4ms)


Started GET "/admin/participates/new" for ::1 at 2019-04-27 19:48:42 -0400
Processing by Admin::ParticipatesController#new as HTML
  [1m[36mAdminUser Load (0.2ms)[0m  [1m[34mSELECT  "admin_users".* FROM "admin_users" WHERE "admin_users"."id" = ? ORDER BY "admin_users"."id" ASC LIMIT ?[0m  [["id", 1], ["LIMIT", 1]]
  ↳ /Users/poricita/.rvm/gems/ruby-2.6.0/gems/activerecord-5.2.3/lib/active_record/log_subscriber.rb:98
  Rendering /Users/poricita/.rvm/gems/ruby-2.6.0/gems/activeadmin-1.4.3/app/views/active_admin/resource/new.html.arb
  [1m[36mUser Load (0.2ms)[0m  [1m[34mSELECT "users".* FROM "users"[0m
  ↳ /Users/poricita/.rvm/gems/ruby-2.6.0/gems/activerecord-5.2.3/lib/active_record/log_subscriber.rb:98
  [1m[36mAssignment Load (0.1ms)[0m  [1m[34mSELECT "assignments".* FROM "assignments"[0m
  ↳ /Users/poricita/.rvm/gems/ruby-2.6.0/gems/activerecord-5.2.3/lib/active_record/log_subscriber.rb:98
  Rendered /Users/poricita/.rvm/gems/ruby-2.6.0/gems/activeadmin-1.4.3/app/views/active_admin/resource/new.html.arb (117.1ms)
Completed 200 OK in 131ms (Views: 118.6ms | ActiveRecord: 0.5ms)


Started GET "/admin/users" for ::1 at 2019-04-27 19:48:45 -0400
Processing by Admin::UsersController#index as HTML
  [1m[36mAdminUser Load (0.2ms)[0m  [1m[34mSELECT  "admin_users".* FROM "admin_users" WHERE "admin_users"."id" = ? ORDER BY "admin_users"."id" ASC LIMIT ?[0m  [["id", 1], ["LIMIT", 1]]
  ↳ /Users/poricita/.rvm/gems/ruby-2.6.0/gems/activerecord-5.2.3/lib/active_record/log_subscriber.rb:98
  Rendering /Users/poricita/.rvm/gems/ruby-2.6.0/gems/activeadmin-1.4.3/app/views/active_admin/resource/index.html.arb
  [1m[35m (0.4ms)[0m  [1m[34mSELECT COUNT(*) FROM (SELECT  1 AS one FROM "users" LIMIT ? OFFSET ?) subquery_for_count[0m  [["LIMIT", 30], ["OFFSET", 0]]
  ↳ /Users/poricita/.rvm/gems/ruby-2.6.0/gems/activerecord-5.2.3/lib/active_record/log_subscriber.rb:98
  Rendered /Users/poricita/.rvm/gems/ruby-2.6.0/gems/activeadmin-1.4.3/app/views/active_admin/resource/index.html.arb (108.9ms)
Completed 200 OK in 116ms (Views: 111.0ms | ActiveRecord: 0.6ms)


Started GET "/admin/users/new" for ::1 at 2019-04-27 19:48:46 -0400
Processing by Admin::UsersController#new as HTML
  [1m[36mAdminUser Load (0.2ms)[0m  [1m[34mSELECT  "admin_users".* FROM "admin_users" WHERE "admin_users"."id" = ? ORDER BY "admin_users"."id" ASC LIMIT ?[0m  [["id", 1], ["LIMIT", 1]]
  ↳ /Users/poricita/.rvm/gems/ruby-2.6.0/gems/activerecord-5.2.3/lib/active_record/log_subscriber.rb:98
  Rendering /Users/poricita/.rvm/gems/ruby-2.6.0/gems/activeadmin-1.4.3/app/views/active_admin/resource/new.html.arb
  Rendered /Users/poricita/.rvm/gems/ruby-2.6.0/gems/activeadmin-1.4.3/app/views/active_admin/resource/new.html.arb (92.2ms)
Completed 200 OK in 106ms (Views: 93.7ms | ActiveRecord: 0.2ms)


Started POST "/admin/users" for ::1 at 2019-04-27 19:48:56 -0400
Processing by Admin::UsersController#create as HTML
  Parameters: {"utf8"=>"✓", "authenticity_token"=>"1DzwVJVZ47PSUGNDyJoh9PmnKe5AmriRypTyK2wCsJjalNAVtWAJbRzwE+7mK6ToZ9AdXHSwxoUJLs1Y6ToTgw==", "user"=>{"email"=>"correo@correo.cl", "password"=>"[FILTERED]"}, "commit"=>"Create User"}
  [1m[36mAdminUser Load (0.7ms)[0m  [1m[34mSELECT  "admin_users".* FROM "admin_users" WHERE "admin_users"."id" = ? ORDER BY "admin_users"."id" ASC LIMIT ?[0m  [["id", 1], ["LIMIT", 1]]
  ↳ /Users/poricita/.rvm/gems/ruby-2.6.0/gems/activerecord-5.2.3/lib/active_record/log_subscriber.rb:98
  [1m[35m (0.1ms)[0m  [1m[36mbegin transaction[0m
  ↳ /Users/poricita/.rvm/gems/ruby-2.6.0/gems/activerecord-5.2.3/lib/active_record/log_subscriber.rb:98
  [1m[36mUser Exists (1.2ms)[0m  [1m[34mSELECT  1 AS one FROM "users" WHERE "users"."email" = ? LIMIT ?[0m  [["email", "correo@correo.cl"], ["LIMIT", 1]]
  ↳ /Users/poricita/.rvm/gems/ruby-2.6.0/gems/activerecord-5.2.3/lib/active_record/log_subscriber.rb:98
  [1m[36mUser Create (0.4ms)[0m  [1m[32mINSERT INTO "users" ("email", "encrypted_password", "created_at", "updated_at") VALUES (?, ?, ?, ?)[0m  [["email", "correo@correo.cl"], ["encrypted_password", "$2a$11$3Gt7N/TvBb2I.pawjgM11eglg75Tuy/wTn6v34lgWD0IaoOCYGCdC"], ["created_at", "2019-04-27 23:48:56.287125"], ["updated_at", "2019-04-27 23:48:56.287125"]]
  ↳ /Users/poricita/.rvm/gems/ruby-2.6.0/gems/activerecord-5.2.3/lib/active_record/log_subscriber.rb:98
  [1m[35m (0.7ms)[0m  [1m[36mcommit transaction[0m
  ↳ /Users/poricita/.rvm/gems/ruby-2.6.0/gems/activerecord-5.2.3/lib/active_record/log_subscriber.rb:98
Redirected to http://localhost:3000/admin/users/1
Completed 302 Found in 163ms (ActiveRecord: 3.2ms)


Started GET "/admin/users/1" for ::1 at 2019-04-27 19:48:56 -0400
Processing by Admin::UsersController#show as HTML
  Parameters: {"id"=>"1"}
  [1m[36mAdminUser Load (0.1ms)[0m  [1m[34mSELECT  "admin_users".* FROM "admin_users" WHERE "admin_users"."id" = ? ORDER BY "admin_users"."id" ASC LIMIT ?[0m  [["id", 1], ["LIMIT", 1]]
  ↳ /Users/poricita/.rvm/gems/ruby-2.6.0/gems/activerecord-5.2.3/lib/active_record/log_subscriber.rb:98
  [1m[36mUser Load (0.2ms)[0m  [1m[34mSELECT  "users".* FROM "users" WHERE "users"."id" = ? LIMIT ?[0m  [["id", 1], ["LIMIT", 1]]
  ↳ /Users/poricita/.rvm/gems/ruby-2.6.0/gems/activerecord-5.2.3/lib/active_record/log_subscriber.rb:98
  Rendering /Users/poricita/.rvm/gems/ruby-2.6.0/gems/activeadmin-1.4.3/app/views/active_admin/resource/show.html.arb
  [1m[35m (0.2ms)[0m  [1m[34mSELECT COUNT(*) FROM "active_admin_comments" WHERE "active_admin_comments"."resource_type" = ? AND "active_admin_comments"."resource_id" = ? AND "active_admin_comments"."namespace" = ?[0m  [["resource_type", "User"], ["resource_id", 1], ["namespace", "admin"]]
  ↳ /Users/poricita/.rvm/gems/ruby-2.6.0/gems/activerecord-5.2.3/lib/active_record/log_subscriber.rb:98
  [1m[36mActiveAdmin::Comment Exists (0.2ms)[0m  [1m[34mSELECT  1 AS one FROM "active_admin_comments" WHERE "active_admin_comments"."resource_type" = ? AND "active_admin_comments"."resource_id" = ? AND "active_admin_comments"."namespace" = ? LIMIT ? OFFSET ?[0m  [["resource_type", "User"], ["resource_id", 1], ["namespace", "admin"], ["LIMIT", 1], ["OFFSET", 0]]
  ↳ /Users/poricita/.rvm/gems/ruby-2.6.0/gems/activerecord-5.2.3/lib/active_record/log_subscriber.rb:98
  Rendered /Users/poricita/.rvm/gems/ruby-2.6.0/gems/activeadmin-1.4.3/app/views/active_admin/resource/show.html.arb (116.6ms)
Completed 200 OK in 122ms (Views: 118.4ms | ActiveRecord: 0.8ms)


Started GET "/admin/participates" for ::1 at 2019-04-27 19:49:02 -0400
Processing by Admin::ParticipatesController#index as HTML
  [1m[36mAdminUser Load (0.3ms)[0m  [1m[34mSELECT  "admin_users".* FROM "admin_users" WHERE "admin_users"."id" = ? ORDER BY "admin_users"."id" ASC LIMIT ?[0m  [["id", 1], ["LIMIT", 1]]
  ↳ /Users/poricita/.rvm/gems/ruby-2.6.0/gems/activerecord-5.2.3/lib/active_record/log_subscriber.rb:98
  Rendering /Users/poricita/.rvm/gems/ruby-2.6.0/gems/activeadmin-1.4.3/app/views/active_admin/resource/index.html.arb
  [1m[35m (0.2ms)[0m  [1m[34mSELECT COUNT(*) FROM (SELECT  1 AS one FROM "participates" LIMIT ? OFFSET ?) subquery_for_count[0m  [["LIMIT", 30], ["OFFSET", 0]]
  ↳ /Users/poricita/.rvm/gems/ruby-2.6.0/gems/activerecord-5.2.3/lib/active_record/log_subscriber.rb:98
  [1m[36mUser Load (0.1ms)[0m  [1m[34mSELECT "users".* FROM "users"[0m
  ↳ /Users/poricita/.rvm/gems/ruby-2.6.0/gems/activerecord-5.2.3/lib/active_record/log_subscriber.rb:98
  [1m[36mAssignment Load (0.1ms)[0m  [1m[34mSELECT "assignments".* FROM "assignments"[0m
  ↳ /Users/poricita/.rvm/gems/ruby-2.6.0/gems/activerecord-5.2.3/lib/active_record/log_subscriber.rb:98
  Rendered /Users/poricita/.rvm/gems/ruby-2.6.0/gems/activeadmin-1.4.3/app/views/active_admin/resource/index.html.arb (78.6ms)
Completed 200 OK in 89ms (Views: 81.7ms | ActiveRecord: 0.7ms)


Started GET "/admin/participates/new" for ::1 at 2019-04-27 19:49:03 -0400
Processing by Admin::ParticipatesController#new as HTML
  [1m[36mAdminUser Load (0.2ms)[0m  [1m[34mSELECT  "admin_users".* FROM "admin_users" WHERE "admin_users"."id" = ? ORDER BY "admin_users"."id" ASC LIMIT ?[0m  [["id", 1], ["LIMIT", 1]]
  ↳ /Users/poricita/.rvm/gems/ruby-2.6.0/gems/activerecord-5.2.3/lib/active_record/log_subscriber.rb:98
  Rendering /Users/poricita/.rvm/gems/ruby-2.6.0/gems/activeadmin-1.4.3/app/views/active_admin/resource/new.html.arb
  [1m[36mUser Load (0.1ms)[0m  [1m[34mSELECT "users".* FROM "users"[0m
  ↳ /Users/poricita/.rvm/gems/ruby-2.6.0/gems/activerecord-5.2.3/lib/active_record/log_subscriber.rb:98
  [1m[36mAssignment Load (0.1ms)[0m  [1m[34mSELECT "assignments".* FROM "assignments"[0m
  ↳ /Users/poricita/.rvm/gems/ruby-2.6.0/gems/activerecord-5.2.3/lib/active_record/log_subscriber.rb:98
  Rendered /Users/poricita/.rvm/gems/ruby-2.6.0/gems/activeadmin-1.4.3/app/views/active_admin/resource/new.html.arb (75.4ms)
Completed 200 OK in 81ms (Views: 77.2ms | ActiveRecord: 0.5ms)


Started POST "/admin/participates" for ::1 at 2019-04-27 19:49:07 -0400
Processing by Admin::ParticipatesController#create as HTML
  Parameters: {"utf8"=>"✓", "authenticity_token"=>"M/gP1Y2LfylsVd7RuwixT0CSZMXG7Oy8vJrEdoa28rg9UC+UrbKV96L1rnyVuTRT3uVQd/LGkqh/IPsFA45Row==", "participate"=>{"user_id"=>"1", "assignment_id"=>"1"}, "commit"=>"Create Participate"}
  [1m[36mAdminUser Load (0.3ms)[0m  [1m[34mSELECT  "admin_users".* FROM "admin_users" WHERE "admin_users"."id" = ? ORDER BY "admin_users"."id" ASC LIMIT ?[0m  [["id", 1], ["LIMIT", 1]]
  ↳ /Users/poricita/.rvm/gems/ruby-2.6.0/gems/activerecord-5.2.3/lib/active_record/log_subscriber.rb:98
  [1m[35m (0.2ms)[0m  [1m[36mbegin transaction[0m
  ↳ /Users/poricita/.rvm/gems/ruby-2.6.0/gems/activerecord-5.2.3/lib/active_record/log_subscriber.rb:98
  [1m[36mUser Load (0.2ms)[0m  [1m[34mSELECT  "users".* FROM "users" WHERE "users"."id" = ? LIMIT ?[0m  [["id", 1], ["LIMIT", 1]]
  ↳ /Users/poricita/.rvm/gems/ruby-2.6.0/gems/activerecord-5.2.3/lib/active_record/log_subscriber.rb:98
  [1m[36mAssignment Load (0.1ms)[0m  [1m[34mSELECT  "assignments".* FROM "assignments" WHERE "assignments"."id" = ? LIMIT ?[0m  [["id", 1], ["LIMIT", 1]]
  ↳ /Users/poricita/.rvm/gems/ruby-2.6.0/gems/activerecord-5.2.3/lib/active_record/log_subscriber.rb:98
  [1m[36mParticipate Create (1.5ms)[0m  [1m[32mINSERT INTO "participates" ("user_id", "assignment_id", "created_at", "updated_at") VALUES (?, ?, ?, ?)[0m  [["user_id", 1], ["assignment_id", 1], ["created_at", "2019-04-27 23:49:07.320192"], ["updated_at", "2019-04-27 23:49:07.320192"]]
  ↳ /Users/poricita/.rvm/gems/ruby-2.6.0/gems/activerecord-5.2.3/lib/active_record/log_subscriber.rb:98
  [1m[35m (1.3ms)[0m  [1m[36mcommit transaction[0m
  ↳ /Users/poricita/.rvm/gems/ruby-2.6.0/gems/activerecord-5.2.3/lib/active_record/log_subscriber.rb:98
Redirected to http://localhost:3000/admin/participates/1
Completed 302 Found in 29ms (ActiveRecord: 3.7ms)


Started GET "/admin/participates/1" for ::1 at 2019-04-27 19:49:07 -0400
Processing by Admin::ParticipatesController#show as HTML
  Parameters: {"id"=>"1"}
  [1m[36mAdminUser Load (0.2ms)[0m  [1m[34mSELECT  "admin_users".* FROM "admin_users" WHERE "admin_users"."id" = ? ORDER BY "admin_users"."id" ASC LIMIT ?[0m  [["id", 1], ["LIMIT", 1]]
  ↳ /Users/poricita/.rvm/gems/ruby-2.6.0/gems/activerecord-5.2.3/lib/active_record/log_subscriber.rb:98
  [1m[36mParticipate Load (0.3ms)[0m  [1m[34mSELECT  "participates".* FROM "participates" WHERE "participates"."id" = ? LIMIT ?[0m  [["id", 1], ["LIMIT", 1]]
  ↳ /Users/poricita/.rvm/gems/ruby-2.6.0/gems/activerecord-5.2.3/lib/active_record/log_subscriber.rb:98
  Rendering /Users/poricita/.rvm/gems/ruby-2.6.0/gems/activeadmin-1.4.3/app/views/active_admin/resource/show.html.arb
  [1m[36mUser Load (0.3ms)[0m  [1m[34mSELECT  "users".* FROM "users" WHERE "users"."id" = ? LIMIT ?[0m  [["id", 1], ["LIMIT", 1]]
  ↳ /Users/poricita/.rvm/gems/ruby-2.6.0/gems/activerecord-5.2.3/lib/active_record/log_subscriber.rb:98
  [1m[36mAssignment Load (0.2ms)[0m  [1m[34mSELECT  "assignments".* FROM "assignments" WHERE "assignments"."id" = ? LIMIT ?[0m  [["id", 1], ["LIMIT", 1]]
  ↳ /Users/poricita/.rvm/gems/ruby-2.6.0/gems/activerecord-5.2.3/lib/active_record/log_subscriber.rb:98
  [1m[35m (0.2ms)[0m  [1m[34mSELECT COUNT(*) FROM "active_admin_comments" WHERE "active_admin_comments"."resource_type" = ? AND "active_admin_comments"."resource_id" = ? AND "active_admin_comments"."namespace" = ?[0m  [["resource_type", "Participate"], ["resource_id", 1], ["namespace", "admin"]]
  ↳ /Users/poricita/.rvm/gems/ruby-2.6.0/gems/activerecord-5.2.3/lib/active_record/log_subscriber.rb:98
  [1m[36mActiveAdmin::Comment Exists (0.2ms)[0m  [1m[34mSELECT  1 AS one FROM "active_admin_comments" WHERE "active_admin_comments"."resource_type" = ? AND "active_admin_comments"."resource_id" = ? AND "active_admin_comments"."namespace" = ? LIMIT ? OFFSET ?[0m  [["resource_type", "Participate"], ["resource_id", 1], ["namespace", "admin"], ["LIMIT", 1], ["OFFSET", 0]]
  ↳ /Users/poricita/.rvm/gems/ruby-2.6.0/gems/activerecord-5.2.3/lib/active_record/log_subscriber.rb:98
  Rendered /Users/poricita/.rvm/gems/ruby-2.6.0/gems/activeadmin-1.4.3/app/views/active_admin/resource/show.html.arb (120.8ms)
Completed 200 OK in 127ms (Views: 121.4ms | ActiveRecord: 1.4ms)


Started GET "/admin/dashboard" for ::1 at 2019-04-27 19:49:10 -0400
Processing by Admin::DashboardController#index as HTML
  [1m[36mAdminUser Load (0.2ms)[0m  [1m[34mSELECT  "admin_users".* FROM "admin_users" WHERE "admin_users"."id" = ? ORDER BY "admin_users"."id" ASC LIMIT ?[0m  [["id", 1], ["LIMIT", 1]]
  ↳ /Users/poricita/.rvm/gems/ruby-2.6.0/gems/activerecord-5.2.3/lib/active_record/log_subscriber.rb:98
  Rendering /Users/poricita/.rvm/gems/ruby-2.6.0/gems/activeadmin-1.4.3/app/views/active_admin/page/index.html.arb
  Rendered /Users/poricita/.rvm/gems/ruby-2.6.0/gems/activeadmin-1.4.3/app/views/active_admin/page/index.html.arb (64.1ms)
Completed 200 OK in 69ms (Views: 65.9ms | ActiveRecord: 0.2ms)


Started GET "/admin/admin_users" for ::1 at 2019-04-27 19:49:12 -0400
Processing by Admin::AdminUsersController#index as HTML
  [1m[36mAdminUser Load (0.3ms)[0m  [1m[34mSELECT  "admin_users".* FROM "admin_users" WHERE "admin_users"."id" = ? ORDER BY "admin_users"."id" ASC LIMIT ?[0m  [["id", 1], ["LIMIT", 1]]
  ↳ /Users/poricita/.rvm/gems/ruby-2.6.0/gems/activerecord-5.2.3/lib/active_record/log_subscriber.rb:98
  Rendering /Users/poricita/.rvm/gems/ruby-2.6.0/gems/activeadmin-1.4.3/app/views/active_admin/resource/index.html.arb
  [1m[35m (0.5ms)[0m  [1m[34mSELECT COUNT(*) FROM (SELECT  1 AS one FROM "admin_users" LIMIT ? OFFSET ?) subquery_for_count[0m  [["LIMIT", 30], ["OFFSET", 0]]
  ↳ /Users/poricita/.rvm/gems/ruby-2.6.0/gems/activerecord-5.2.3/lib/active_record/log_subscriber.rb:98
  [1m[35mCACHE  (0.0ms)[0m  [1m[34mSELECT COUNT(*) FROM (SELECT  1 AS one FROM "admin_users" LIMIT ? OFFSET ?) subquery_for_count[0m  [["LIMIT", 30], ["OFFSET", 0]]
  ↳ /Users/poricita/.rvm/gems/ruby-2.6.0/gems/activerecord-5.2.3/lib/active_record/log_subscriber.rb:98
  [1m[35m (0.1ms)[0m  [1m[34mSELECT COUNT(*) FROM "admin_users"[0m
  ↳ /Users/poricita/.rvm/gems/ruby-2.6.0/gems/activerecord-5.2.3/lib/active_record/log_subscriber.rb:98
  [1m[35mCACHE  (0.0ms)[0m  [1m[34mSELECT COUNT(*) FROM (SELECT  1 AS one FROM "admin_users" LIMIT ? OFFSET ?) subquery_for_count[0m  [["LIMIT", 30], ["OFFSET", 0]]
  ↳ /Users/poricita/.rvm/gems/ruby-2.6.0/gems/activerecord-5.2.3/lib/active_record/log_subscriber.rb:98
  [1m[36mAdminUser Load (0.2ms)[0m  [1m[34mSELECT  "admin_users".* FROM "admin_users" ORDER BY "admin_users"."id" desc LIMIT ? OFFSET ?[0m  [["LIMIT", 30], ["OFFSET", 0]]
  ↳ /Users/poricita/.rvm/gems/ruby-2.6.0/gems/activerecord-5.2.3/lib/active_record/log_subscriber.rb:98
  Rendered /Users/poricita/.rvm/gems/ruby-2.6.0/gems/activeadmin-1.4.3/app/views/active_admin/resource/index.html.arb (112.6ms)
Completed 200 OK in 123ms (Views: 114.4ms | ActiveRecord: 1.2ms)


Started GET "/admin/participates" for ::1 at 2019-04-27 19:49:15 -0400
Processing by Admin::ParticipatesController#index as HTML
  [1m[36mAdminUser Load (0.2ms)[0m  [1m[34mSELECT  "admin_users".* FROM "admin_users" WHERE "admin_users"."id" = ? ORDER BY "admin_users"."id" ASC LIMIT ?[0m  [["id", 1], ["LIMIT", 1]]
  ↳ /Users/poricita/.rvm/gems/ruby-2.6.0/gems/activerecord-5.2.3/lib/active_record/log_subscriber.rb:98
  Rendering /Users/poricita/.rvm/gems/ruby-2.6.0/gems/activeadmin-1.4.3/app/views/active_admin/resource/index.html.arb
  [1m[35m (0.2ms)[0m  [1m[34mSELECT COUNT(*) FROM (SELECT  1 AS one FROM "participates" LIMIT ? OFFSET ?) subquery_for_count[0m  [["LIMIT", 30], ["OFFSET", 0]]
  ↳ /Users/poricita/.rvm/gems/ruby-2.6.0/gems/activerecord-5.2.3/lib/active_record/log_subscriber.rb:98
  [1m[35mCACHE  (0.0ms)[0m  [1m[34mSELECT COUNT(*) FROM (SELECT  1 AS one FROM "participates" LIMIT ? OFFSET ?) subquery_for_count[0m  [["LIMIT", 30], ["OFFSET", 0]]
  ↳ /Users/poricita/.rvm/gems/ruby-2.6.0/gems/activerecord-5.2.3/lib/active_record/log_subscriber.rb:98
  [1m[35m (0.2ms)[0m  [1m[34mSELECT COUNT(*) FROM "participates"[0m
  ↳ /Users/poricita/.rvm/gems/ruby-2.6.0/gems/activerecord-5.2.3/lib/active_record/log_subscriber.rb:98
  [1m[35mCACHE  (0.0ms)[0m  [1m[34mSELECT COUNT(*) FROM (SELECT  1 AS one FROM "participates" LIMIT ? OFFSET ?) subquery_for_count[0m  [["LIMIT", 30], ["OFFSET", 0]]
  ↳ /Users/poricita/.rvm/gems/ruby-2.6.0/gems/activerecord-5.2.3/lib/active_record/log_subscriber.rb:98
  [1m[36mParticipate Load (0.3ms)[0m  [1m[34mSELECT  "participates".* FROM "participates" ORDER BY "participates"."id" desc LIMIT ? OFFSET ?[0m  [["LIMIT", 30], ["OFFSET", 0]]
  ↳ /Users/poricita/.rvm/gems/ruby-2.6.0/gems/activerecord-5.2.3/lib/active_record/log_subscriber.rb:98
  [1m[36mAssignment Load (0.2ms)[0m  [1m[34mSELECT  "assignments".* FROM "assignments" WHERE "assignments"."id" = ? LIMIT ?[0m  [["id", 1], ["LIMIT", 1]]
  ↳ app/admin/participates.rb:19
  [1m[36mUser Load (0.2ms)[0m  [1m[34mSELECT  "users".* FROM "users" WHERE "users"."id" = ? LIMIT ?[0m  [["id", 1], ["LIMIT", 1]]
  ↳ app/admin/participates.rb:20
  [1m[36mUser Load (0.2ms)[0m  [1m[34mSELECT "users".* FROM "users"[0m
  ↳ /Users/poricita/.rvm/gems/ruby-2.6.0/gems/activerecord-5.2.3/lib/active_record/log_subscriber.rb:98
  [1m[36mAssignment Load (0.1ms)[0m  [1m[34mSELECT "assignments".* FROM "assignments"[0m
  ↳ /Users/poricita/.rvm/gems/ruby-2.6.0/gems/activerecord-5.2.3/lib/active_record/log_subscriber.rb:98
  Rendered /Users/poricita/.rvm/gems/ruby-2.6.0/gems/activeadmin-1.4.3/app/views/active_admin/resource/index.html.arb (93.3ms)
Completed 200 OK in 101ms (Views: 95.4ms | ActiveRecord: 1.5ms)


Started GET "/admin/users" for ::1 at 2019-04-27 19:49:17 -0400
Processing by Admin::UsersController#index as HTML
  [1m[36mAdminUser Load (0.2ms)[0m  [1m[34mSELECT  "admin_users".* FROM "admin_users" WHERE "admin_users"."id" = ? ORDER BY "admin_users"."id" ASC LIMIT ?[0m  [["id", 1], ["LIMIT", 1]]
  ↳ /Users/poricita/.rvm/gems/ruby-2.6.0/gems/activerecord-5.2.3/lib/active_record/log_subscriber.rb:98
  Rendering /Users/poricita/.rvm/gems/ruby-2.6.0/gems/activeadmin-1.4.3/app/views/active_admin/resource/index.html.arb
  [1m[35m (0.3ms)[0m  [1m[34mSELECT COUNT(*) FROM (SELECT  1 AS one FROM "users" LIMIT ? OFFSET ?) subquery_for_count[0m  [["LIMIT", 30], ["OFFSET", 0]]
  ↳ /Users/poricita/.rvm/gems/ruby-2.6.0/gems/activerecord-5.2.3/lib/active_record/log_subscriber.rb:98
  [1m[35mCACHE  (0.0ms)[0m  [1m[34mSELECT COUNT(*) FROM (SELECT  1 AS one FROM "users" LIMIT ? OFFSET ?) subquery_for_count[0m  [["LIMIT", 30], ["OFFSET", 0]]
  ↳ /Users/poricita/.rvm/gems/ruby-2.6.0/gems/activerecord-5.2.3/lib/active_record/log_subscriber.rb:98
  [1m[35m (0.2ms)[0m  [1m[34mSELECT COUNT(*) FROM "users"[0m
  ↳ /Users/poricita/.rvm/gems/ruby-2.6.0/gems/activerecord-5.2.3/lib/active_record/log_subscriber.rb:98
  [1m[35mCACHE  (0.0ms)[0m  [1m[34mSELECT COUNT(*) FROM (SELECT  1 AS one FROM "users" LIMIT ? OFFSET ?) subquery_for_count[0m  [["LIMIT", 30], ["OFFSET", 0]]
  ↳ /Users/poricita/.rvm/gems/ruby-2.6.0/gems/activerecord-5.2.3/lib/active_record/log_subscriber.rb:98
  [1m[36mUser Load (0.2ms)[0m  [1m[34mSELECT  "users".* FROM "users" ORDER BY "users"."id" desc LIMIT ? OFFSET ?[0m  [["LIMIT", 30], ["OFFSET", 0]]
  ↳ /Users/poricita/.rvm/gems/ruby-2.6.0/gems/activerecord-5.2.3/lib/active_record/log_subscriber.rb:98
  Rendered /Users/poricita/.rvm/gems/ruby-2.6.0/gems/activeadmin-1.4.3/app/views/active_admin/resource/index.html.arb (98.9ms)
Completed 200 OK in 105ms (Views: 100.3ms | ActiveRecord: 1.0ms)


